<?xml version="1.0" encoding="UTF-8"?>
<!-- Generated by org.testng.reporters.JUnitXMLReporter -->
<testsuite ignored="0" hostname="DESKTOP-RCCV6C2" failures="1" tests="20" name="Default test" time="65.955" errors="0" timestamp="2024-12-04T21:47:46 IST">
  <testcase classname="com.mk.testcases.Herokuapptestcases" name="addRemoveElements" time="6.856">
    <failure type="java.lang.AssertionError" message="Number of &amp;apos;Delete&amp;apos; buttons remaining is incorrect. expected [3] but found [2]">
      <![CDATA[java.lang.AssertionError: Number of 'Delete' buttons remaining is incorrect. expected [3] but found [2]
at org.testng.Assert.fail(Assert.java:99)
at org.testng.Assert.failNotEquals(Assert.java:1037)
at org.testng.Assert.assertEqualsImpl(Assert.java:140)
at org.testng.Assert.assertEquals(Assert.java:122)
at org.testng.Assert.assertEquals(Assert.java:907)
at com.mk.testcases.Herokuapptestcases.addRemoveElements(Herokuapptestcases.java:89)
at java.base/jdk.internal.reflect.DirectMethodHandleAccessor.invoke(DirectMethodHandleAccessor.java:103)
at java.base/java.lang.reflect.Method.invoke(Method.java:580)
at org.testng.internal.MethodInvocationHelper.invokeMethod(MethodInvocationHelper.java:133)
at org.testng.internal.TestInvoker.invokeMethod(TestInvoker.java:598)
at org.testng.internal.TestInvoker.invokeTestMethod(TestInvoker.java:173)
at org.testng.internal.MethodRunner.runInSequence(MethodRunner.java:46)
at org.testng.internal.TestInvoker$MethodInvocationAgent.invoke(TestInvoker.java:824)
at org.testng.internal.TestInvoker.invokeTestMethods(TestInvoker.java:146)
at org.testng.internal.TestMethodWorker.invokeTestMethods(TestMethodWorker.java:146)
at org.testng.internal.TestMethodWorker.run(TestMethodWorker.java:128)
at java.base/java.util.ArrayList.forEach(ArrayList.java:1597)
at org.testng.TestRunner.privateRun(TestRunner.java:794)
at org.testng.TestRunner.run(TestRunner.java:596)
at org.testng.SuiteRunner.runTest(SuiteRunner.java:377)
at org.testng.SuiteRunner.runSequentially(SuiteRunner.java:371)
at org.testng.SuiteRunner.privateRun(SuiteRunner.java:332)
at org.testng.SuiteRunner.run(SuiteRunner.java:276)
at org.testng.SuiteRunnerWorker.runSuite(SuiteRunnerWorker.java:53)
at org.testng.SuiteRunnerWorker.run(SuiteRunnerWorker.java:96)
at org.testng.TestNG.runSuitesSequentially(TestNG.java:1212)
at org.testng.TestNG.runSuitesLocally(TestNG.java:1134)
at org.testng.TestNG.runSuites(TestNG.java:1063)
at org.testng.TestNG.run(TestNG.java:1031)
at org.testng.remote.AbstractRemoteTestNG.run(AbstractRemoteTestNG.java:115)
at org.testng.remote.RemoteTestNG.initAndRun(RemoteTestNG.java:293)
at org.testng.remote.RemoteTestNG.main(RemoteTestNG.java:91)
]]>
    </failure>
  </testcase> <!-- addRemoveElements -->
  <testcase classname="com.mk.testcases.Herokuapptestcases" name="checkFirstRowData" time="2.213"/>
  <testcase classname="com.mk.testcases.Herokuapptestcases" name="getextfromShadowDOM" time="0.772"/>
  <testcase classname="com.mk.testcases.Herokuapptestcases" name="testCheckboxRemoveAndAdd" time="8.516"/>
  <testcase classname="com.mk.testcases.Herokuapptestcases" name="testNewWindowText" time="4.165"/>
  <testcase classname="com.mk.testcases.Herokuapptestcases" name="testShadowDom" time="0.829"/>
  <testcase classname="com.mk.testcases.Herokuapptestcases" name="testTableHeaders" time="1.394"/>
  <testcase classname="com.mk.testcases.Herokuapptestcases" name="validateBrokenImages" time="4.466"/>
  <testcase classname="com.mk.testcases.Herokuapptestcases" name="validateCheckboxes" time="2.009"/>
  <testcase classname="com.mk.testcases.Herokuapptestcases" name="validateContextMenuAlert" time="2.082"/>
  <testcase classname="com.mk.testcases.Herokuapptestcases" name="validateDragAndDrop" time="1.142"/>
  <testcase classname="com.mk.testcases.Herokuapptestcases" name="validateDropdown" time="1.566"/>
  <testcase classname="com.mk.testcases.Herokuapptestcases" name="validateEmailColumnFormat" time="1.505"/>
  <testcase classname="com.mk.testcases.Herokuapptestcases" name="validateFileUpload" time="1.935"/>
  <testcase classname="com.mk.testcases.Herokuapptestcases" name="validateJSAlert" time="1.181"/>
  <testcase classname="com.mk.testcases.Herokuapptestcases" name="validateJSConfirm" time="1.788"/>
  <testcase classname="com.mk.testcases.Herokuapptestcases" name="validateJSPrompt" time="1.051"/>
  <testcase classname="com.mk.testcases.Herokuapptestcases" name="validateLastNameSorting" time="1.217"/>
  <testcase classname="com.mk.testcases.Herokuapptestcases" name="validateTinyMceEditor" time="2.699"/>
  <testcase classname="com.mk.testcases.Herokuapptestcases" name="verifyTextInFrames" time="2.451"/>
</testsuite> <!-- Default test -->
